19/04/21 12:42:47 Served !feedback command to: Timlah#2808 in a DM
19/04/21 12:42:47 Served !feedback command to: Timlah#2808 in a DM
19/04/21 12:43:05 Served !updates command to: Timlah#2808 in a DM
19/04/21 12:43:05 Served !updates command to: Timlah#2808 in a DM
19/04/21 12:44:51 Served !feedback command to: Timlah#2808 in a DM
19/04/21 12:44:56 Served feedback-recieved command to: Timlah#2808 in a DM
19/04/21 12:44:59 Served feedback-recieved command to: Timlah#2808 in a DM
19/04/21 12:47:49 Served !updates command to: Timlah#2808 in a DM
19/04/21 12:47:55 Served !feedback command to: Timlah#2808 in a DM
19/04/21 12:47:59 Served feedback-recieved command to: Timlah#2808 in a DM
19/04/21 12:48:07 Served !feedback command to: Timlah#2808 in a DM
19/04/21 12:48:09 Served feedback-recieved command to: Timlah#2808 in a DM
19/04/21 12:48:14 Served !feedback command to: Timlah#2808 in a DM
19/04/21 12:48:24 Served feedback-recieved command to: Timlah#2808 in a DM
19/04/21 12:51:58 Served !feedback command to: Timlah#2808 on Cycloptic Vision Games, #secret-bot-channel
19/04/21 12:52:12 Served feedback-cancelled command to: Timlah#2808 in a DM
19/04/21 12:52:22 Served !feedback command to: Timlah#2808 in a DM
19/04/21 12:52:25 Served !feedback command to: Timlah#2808 in a DM
19/04/21 12:52:31 Served !updates command to: Timlah#2808 in a DM
19/04/21 12:52:35 Served feedback-recieved command to: Timlah#2808 in a DM
19/04/21 13:14:54 Served !feedback command to: Timlah#2808 in a DM
19/04/21 13:14:56 Served feedback-recieved command to: Timlah#2808 in a DM
19/04/21 13:15:22 Served !feedback command to: Timlah#2808 in a DM
19/04/21 13:15:24 Served feedback-recieved command to: Timlah#2808 in a DM
19/04/21 13:17:14 Served !feedback command to: Timlah#2808 in a DM
19/04/21 13:17:18 Served feedback-recieved command to: Timlah#2808 in a DM
19/04/21 17:20:02 Served !feedback command to: Timlah#2808 in a DM
19/04/21 17:20:05 Served !updates command to: Timlah#2808 in a DM
19/04/21 17:20:11 Served feedback-recieved command to: Timlah#2808 in a DM
20/04/21 12:43:59 Served !feedback command to: Timlah#2808 on Cycloptic Vision Games, #secret-bot-channel
20/04/21 12:44:13 Served feedback-recieved command to: Timlah#2808 in a DM
